Performing C++ SOURCE FILE Test CMAKE_HAVE_LIBC_PTHREAD failed with the following output:
Change Dir: /homes/w/wangdo57/ece1747/project/ECE1747-project2/gpu/CMakeFiles/CMakeTmp

Run Build Command(s):/usr/bin/gmake cmTC_68d58/fast && /usr/bin/gmake  -f CMakeFiles/cmTC_68d58.dir/build.make CMakeFiles/cmTC_68d58.dir/build
gmake[1]: Entering directory '/nfs/ug/homes-4/w/wangdo57/ece1747/project/ECE1747-project2/gpu/CMakeFiles/CMakeTmp'
Building CXX object CMakeFiles/cmTC_68d58.dir/src.cxx.o
/usr/bin/c++   -DCMAKE_HAVE_LIBC_PTHREAD -o CMakeFiles/cmTC_68d58.dir/src.cxx.o -c /homes/w/wangdo57/ece1747/project/ECE1747-project2/gpu/CMakeFiles/CMakeTmp/src.cxx
Linking CXX executable cmTC_68d58
/usr/bin/cmake -E cmake_link_script CMakeFiles/cmTC_68d58.dir/link.txt --verbose=1
/usr/bin/c++  -DCMAKE_HAVE_LIBC_PTHREAD -rdynamic CMakeFiles/cmTC_68d58.dir/src.cxx.o -o cmTC_68d58 
/usr/bin/ld: CMakeFiles/cmTC_68d58.dir/src.cxx.o: in function `main':
src.cxx:(.text+0x2f): undefined reference to `pthread_create'
/usr/bin/ld: src.cxx:(.text+0x3b): undefined reference to `pthread_detach'
/usr/bin/ld: src.cxx:(.text+0x47): undefined reference to `pthread_cancel'
/usr/bin/ld: src.cxx:(.text+0x58): undefined reference to `pthread_join'
collect2: error: ld returned 1 exit status
gmake[1]: *** [CMakeFiles/cmTC_68d58.dir/build.make:106: cmTC_68d58] Error 1
gmake[1]: Leaving directory '/nfs/ug/homes-4/w/wangdo57/ece1747/project/ECE1747-project2/gpu/CMakeFiles/CMakeTmp'
gmake: *** [Makefile:140: cmTC_68d58/fast] Error 2


Source file was:
#include <pthread.h>

void* test_func(void* data)
{
  return data;
}

int main(void)
{
  pthread_t thread;
  pthread_create(&thread, NULL, test_func, NULL);
  pthread_detach(thread);
  pthread_cancel(thread);
  pthread_join(thread, NULL);
  pthread_atfork(NULL, NULL, NULL);
  pthread_exit(NULL);

  return 0;
}

Determining if the function pthread_create exists in the pthreads failed with the following output:
Change Dir: /homes/w/wangdo57/ece1747/project/ECE1747-project2/gpu/CMakeFiles/CMakeTmp

Run Build Command(s):/usr/bin/gmake cmTC_04eab/fast && /usr/bin/gmake  -f CMakeFiles/cmTC_04eab.dir/build.make CMakeFiles/cmTC_04eab.dir/build
gmake[1]: Entering directory '/nfs/ug/homes-4/w/wangdo57/ece1747/project/ECE1747-project2/gpu/CMakeFiles/CMakeTmp'
Building CXX object CMakeFiles/cmTC_04eab.dir/CheckFunctionExists.cxx.o
/usr/bin/c++   -DCHECK_FUNCTION_EXISTS=pthread_create -o CMakeFiles/cmTC_04eab.dir/CheckFunctionExists.cxx.o -c /homes/w/wangdo57/ece1747/project/ECE1747-project2/gpu/CMakeFiles/CheckLibraryExists/CheckFunctionExists.cxx
Linking CXX executable cmTC_04eab
/usr/bin/cmake -E cmake_link_script CMakeFiles/cmTC_04eab.dir/link.txt --verbose=1
/usr/bin/c++  -DCHECK_FUNCTION_EXISTS=pthread_create -rdynamic CMakeFiles/cmTC_04eab.dir/CheckFunctionExists.cxx.o -o cmTC_04eab  -lpthreads 
/usr/bin/ld: cannot find -lpthreads
collect2: error: ld returned 1 exit status
gmake[1]: *** [CMakeFiles/cmTC_04eab.dir/build.make:106: cmTC_04eab] Error 1
gmake[1]: Leaving directory '/nfs/ug/homes-4/w/wangdo57/ece1747/project/ECE1747-project2/gpu/CMakeFiles/CMakeTmp'
gmake: *** [Makefile:140: cmTC_04eab/fast] Error 2



